<?xml version="1.0" encoding="UTF-8"?>
<!-- Generated by org.testng.reporters.JUnitReportReporter -->
<testsuite hostname="DESKTOP-CJH8IVK" failures="0" tests="1" name="pack1.Tc_2testcase2" time="0.001" errors="0" timestamp="2023-01-10T14:34:20 IST" skipped="0">
  <testcase classname="pack1.Tc_2testcase2" name="m2" time="0.001"/>
  <system-out>
testcase2 running  </system-out>
</testsuite> <!-- pack1.Tc_2testcase2 -->
