<?xml version="1.0" encoding="UTF-8"?>
<!-- Generated by org.testng.reporters.JUnitReportReporter -->
<testsuite hostname="DESKTOP-CJH8IVK" failures="0" tests="1" name="pack1.Tc_1testcase" time="0.011" errors="0" timestamp="2023-01-10T14:34:20 IST" skipped="0">
  <testcase classname="pack1.Tc_1testcase" name="m1" time="0.011"/>
  <system-out>
test case running  </system-out>
</testsuite> <!-- pack1.Tc_1testcase -->
